c:\users\roeeh\onedrive - post.bgu.ac.il\desktop\school\freshman 2nd semester\principles of object oriented programming\projects\assignment2\hw2\hw2\x64\debug\vc143.pdb
c:\users\roeeh\onedrive - post.bgu.ac.il\desktop\school\freshman 2nd semester\principles of object oriented programming\projects\assignment2\hw2\hw2\x64\debug\vc143.idb
c:\users\roeeh\onedrive - post.bgu.ac.il\desktop\school\freshman 2nd semester\principles of object oriented programming\projects\assignment2\hw2\hw2\x64\debug\hw2.obj
c:\users\roeeh\onedrive - post.bgu.ac.il\desktop\school\freshman 2nd semester\principles of object oriented programming\projects\assignment2\hw2\hw2\x64\debug\wholesaler.obj
c:\users\roeeh\onedrive - post.bgu.ac.il\desktop\school\freshman 2nd semester\principles of object oriented programming\projects\assignment2\hw2\hw2\x64\debug\person_who_knows_what_poop_stands_for.obj
c:\users\roeeh\onedrive - post.bgu.ac.il\desktop\school\freshman 2nd semester\principles of object oriented programming\projects\assignment2\hw2\hw2\x64\debug\person.obj
c:\users\roeeh\onedrive - post.bgu.ac.il\desktop\school\freshman 2nd semester\principles of object oriented programming\projects\assignment2\hw2\hw2\x64\debug\grower.obj
c:\users\roeeh\onedrive - post.bgu.ac.il\desktop\school\freshman 2nd semester\principles of object oriented programming\projects\assignment2\hw2\hw2\x64\debug\gardener.obj
c:\users\roeeh\onedrive - post.bgu.ac.il\desktop\school\freshman 2nd semester\principles of object oriented programming\projects\assignment2\hw2\hw2\x64\debug\flowerbouquet.obj
c:\users\roeeh\onedrive - post.bgu.ac.il\desktop\school\freshman 2nd semester\principles of object oriented programming\projects\assignment2\hw2\hw2\x64\debug\flowerarranger.obj
c:\users\roeeh\onedrive - post.bgu.ac.il\desktop\school\freshman 2nd semester\principles of object oriented programming\projects\assignment2\hw2\hw2\x64\debug\florist.obj
c:\users\roeeh\onedrive - post.bgu.ac.il\desktop\school\freshman 2nd semester\principles of object oriented programming\projects\assignment2\hw2\hw2\x64\debug\deliveryperson.obj
c:\users\roeeh\onedrive - post.bgu.ac.il\desktop\school\freshman 2nd semester\principles of object oriented programming\projects\assignment2\hw2\x64\debug\hw2.exe
c:\users\roeeh\onedrive - post.bgu.ac.il\desktop\school\freshman 2nd semester\principles of object oriented programming\projects\assignment2\hw2\x64\debug\hw2.pdb
c:\users\roeeh\onedrive - post.bgu.ac.il\desktop\school\freshman 2nd semester\principles of object oriented programming\projects\assignment2\hw2\hw2\x64\debug\hw2.tlog\cl.command.1.tlog
c:\users\roeeh\onedrive - post.bgu.ac.il\desktop\school\freshman 2nd semester\principles of object oriented programming\projects\assignment2\hw2\hw2\x64\debug\hw2.tlog\cl.read.1.tlog
c:\users\roeeh\onedrive - post.bgu.ac.il\desktop\school\freshman 2nd semester\principles of object oriented programming\projects\assignment2\hw2\hw2\x64\debug\hw2.tlog\cl.write.1.tlog
c:\users\roeeh\onedrive - post.bgu.ac.il\desktop\school\freshman 2nd semester\principles of object oriented programming\projects\assignment2\hw2\hw2\x64\debug\hw2.tlog\link.command.1.tlog
c:\users\roeeh\onedrive - post.bgu.ac.il\desktop\school\freshman 2nd semester\principles of object oriented programming\projects\assignment2\hw2\hw2\x64\debug\hw2.tlog\link.read.1.tlog
c:\users\roeeh\onedrive - post.bgu.ac.il\desktop\school\freshman 2nd semester\principles of object oriented programming\projects\assignment2\hw2\hw2\x64\debug\hw2.tlog\link.write.1.tlog
